<?xml version="1.0" encoding="UTF-8"?>
<robot generator="Robot 6.1.1 (Python 3.10.12 on win32)" generated="20240630 00:53:33.892" rpa="false" schemaversion="4">
<suite id="s1" name="Tasks" source="c:\Automation_RAF\TestRobot\tasks.robot">
<test id="s1-t1" name="RoleSearch Test" line="17">
<kw name="New Browser" library="Browser">
<arg>browser=${browser}</arg>
<arg>headless=${False}</arg>
<arg>args=["--start-maximized"]</arg>
<tag>BrowserControl</tag>
<tag>Setter</tag>
<doc>Create a new playwright Browser with specified options.</doc>
<msg timestamp="20240630 00:53:35.846" level="INFO">{"browser": "chromium", "headless": false, "args": ["--start-maximized"], "chromiumSandbox": false, "devtools": false, "handleSIGHUP": true, "handleSIGINT": true, "handleSIGTERM": true, "slowMo": 0.0, "timeout": 30000.0, "tracesDir": "C:\\Automation_RAF\\browser\\traces\\40338d62-5a27-43f4-8e61-6292468f4f2e"}</msg>
<msg timestamp="20240630 00:53:36.846" level="INFO">Successfully created browser with options: {"browser":"chromium","headless":false,"args":["--start-maximized"],"chromiumSandbox":false,"devtools":false,"handleSIGHUP":true,"handleSIGINT":true,"handleSIGTERM":true,"slowMo":0,"timeout":30000,"tracesDir":"C:\\Automation_RAF\\browser\\traces\\40338d62-5a27-43f4-8e61-6292468f4f2e"}</msg>
<status status="PASS" starttime="20240630 00:53:35.846" endtime="20240630 00:53:36.846"/>
</kw>
<kw name="New Context" library="Browser">
<arg>viewport=${None}</arg>
<tag>BrowserControl</tag>
<tag>Setter</tag>
<doc>Create a new BrowserContext with specified options.</doc>
<msg timestamp="20240630 00:53:36.854" level="INFO">{
  "acceptDownloads": true,
  "bypassCSP": false,
  "forcedColors": "none",
  "hideRfBrowser": "",
  "ignoreHTTPSErrors": false,
  "javaScriptEnabled": true,
  "offline": false,
  "reducedMotion": "no-preference",
  "serviceWorkers": "allow",
  "viewport": null
}</msg>
<msg timestamp="20240630 00:53:36.881" level="INFO">Successfully created context. </msg>
<msg timestamp="20240630 00:53:36.881" level="INFO">{'acceptDownloads': True, 'bypassCSP': False, 'forcedColors': 'none', 'hideRfBrowser': '', 'ignoreHTTPSErrors': False, 'javaScriptEnabled': True, 'offline': False, 'reducedMotion': 'no-preference', 'serviceWorkers': 'allow', 'viewport': None}</msg>
<status status="PASS" starttime="20240630 00:53:36.851" endtime="20240630 00:53:36.881"/>
</kw>
<kw name="New Page" library="Browser">
<arg>url=${url}</arg>
<tag>BrowserControl</tag>
<tag>Setter</tag>
<doc>Open a new Page.</doc>
<msg timestamp="20240630 00:53:39.971" level="INFO">Successfully initialized new page object and opened url: https://www.multitude.com/careers</msg>
<status status="PASS" starttime="20240630 00:53:36.884" endtime="20240630 00:53:39.972"/>
</kw>
<kw name="Click" library="Browser">
<arg>xpath=//button[@id='cc-acceptAll-btn']</arg>
<tag>PageContent</tag>
<tag>Setter</tag>
<doc>Simulates mouse click on the element found by ``selector``.</doc>
<status status="PASS" starttime="20240630 00:53:39.973" endtime="20240630 00:53:40.101"/>
</kw>
<kw name="Click" library="Browser">
<arg>xpath=//a[@class='icon-primart-cta primary-cta']</arg>
<tag>PageContent</tag>
<tag>Setter</tag>
<doc>Simulates mouse click on the element found by ``selector``.</doc>
<status status="PASS" starttime="20240630 00:53:40.105" endtime="20240630 00:53:40.358"/>
</kw>
<kw name="Switch Page" library="Browser">
<arg>NEW</arg>
<tag>BrowserControl</tag>
<tag>Setter</tag>
<doc>Switches the active browser page to another open page by ``id`` or ``NEW``.</doc>
<msg timestamp="20240630 00:53:40.366" level="INFO">Switching to page NEW,context CURRENT, browser CURRENT</msg>
<msg timestamp="20240630 00:53:42.051" level="INFO">Activated new page page=de38d92a-0bfc-4de0-932f-cbecafdc3133</msg>
<status status="PASS" starttime="20240630 00:53:40.366" endtime="20240630 00:53:42.051"/>
</kw>
<kw name="Scroll To Element" library="Browser">
<arg>xpath=//div[37]//li[1]//div[1]//a[1]</arg>
<tag>PageContent</tag>
<tag>Setter</tag>
<doc>This method waits for actionability checks, then tries to scroll element into view,
unless it is completely visible.</doc>
<status status="PASS" starttime="20240630 00:53:42.054" endtime="20240630 00:53:46.572"/>
</kw>
<kw name="Click" library="Browser">
<arg>xpath=//div[37]//li[1]//div[1]//a[1]</arg>
<tag>PageContent</tag>
<tag>Setter</tag>
<doc>Simulates mouse click on the element found by ``selector``.</doc>
<status status="PASS" starttime="20240630 00:53:46.574" endtime="20240630 00:53:46.707"/>
</kw>
<kw name="Sleep" library="BuiltIn">
<arg>5</arg>
<doc>Pauses the test executed for the given time.</doc>
<msg timestamp="20240630 00:53:51.726" level="INFO">Slept 5 seconds</msg>
<status status="PASS" starttime="20240630 00:53:46.712" endtime="20240630 00:53:51.726"/>
</kw>
<kw name="Take Screenshot" library="Browser">
<arg>Carrerpage.png</arg>
<tag>PageContent</tag>
<doc>Takes a screenshot of the current window or element and saves it to disk.</doc>
<msg timestamp="20240630 00:53:52.039" level="INFO" html="true">&lt;/td&gt;&lt;/tr&gt;&lt;tr&gt;&lt;td colspan="3"&gt;&lt;a href="browser/screenshot/Carrerpage.png.png" target="_blank"&gt;&lt;img src="browser/screenshot/Carrerpage.png.png" width="800px"/&gt;&lt;/a&gt;</msg>
<status status="PASS" starttime="20240630 00:53:51.752" endtime="20240630 00:53:52.041"/>
</kw>
<kw name="Scroll By" library="Browser">
<arg>${None}</arg>
<arg>600</arg>
<arg>0</arg>
<arg>auto</arg>
<tag>PageContent</tag>
<tag>Setter</tag>
<doc>Scrolls an element or the page relative from current position by the given values.</doc>
<msg timestamp="20240630 00:53:52.116" level="INFO">JavaScript executed successfully.</msg>
<msg timestamp="20240630 00:53:52.116" level="INFO">JavaScript executed successfully.</msg>
<msg timestamp="20240630 00:53:52.136" level="INFO">JavaScript executed successfully.</msg>
<msg timestamp="20240630 00:53:52.136" level="INFO">JavaScript executed successfully.</msg>
<msg timestamp="20240630 00:53:52.146" level="INFO">JavaScript executed successfully.</msg>
<status status="PASS" starttime="20240630 00:53:52.080" endtime="20240630 00:53:52.147"/>
</kw>
<kw name="Take Screenshot" library="Browser">
<arg>Carrerpage1.png</arg>
<tag>PageContent</tag>
<doc>Takes a screenshot of the current window or element and saves it to disk.</doc>
<msg timestamp="20240630 00:53:52.349" level="INFO" html="true">&lt;/td&gt;&lt;/tr&gt;&lt;tr&gt;&lt;td colspan="3"&gt;&lt;a href="browser/screenshot/Carrerpage1.png.png" target="_blank"&gt;&lt;img src="browser/screenshot/Carrerpage1.png.png" width="800px"/&gt;&lt;/a&gt;</msg>
<status status="PASS" starttime="20240630 00:53:52.148" endtime="20240630 00:53:52.349"/>
</kw>
<kw name="Scroll To" library="Browser">
<arg>${None}</arg>
<arg>bottom</arg>
<arg>left</arg>
<arg>auto</arg>
<tag>PageContent</tag>
<tag>Setter</tag>
<doc>Scrolls an element or the page to an absolute position based on given coordinates.</doc>
<msg timestamp="20240630 00:53:52.382" level="INFO">JavaScript executed successfully.</msg>
<msg timestamp="20240630 00:53:52.382" level="INFO">JavaScript executed successfully.</msg>
<msg timestamp="20240630 00:53:52.398" level="INFO">JavaScript executed successfully.</msg>
<msg timestamp="20240630 00:53:52.400" level="INFO">JavaScript executed successfully.</msg>
<msg timestamp="20240630 00:53:52.422" level="INFO">JavaScript executed successfully.</msg>
<status status="PASS" starttime="20240630 00:53:52.349" endtime="20240630 00:53:52.422"/>
</kw>
<kw name="Take Screenshot" library="Browser">
<arg>Carrerpage2.png</arg>
<tag>PageContent</tag>
<doc>Takes a screenshot of the current window or element and saves it to disk.</doc>
<msg timestamp="20240630 00:53:52.641" level="INFO" html="true">&lt;/td&gt;&lt;/tr&gt;&lt;tr&gt;&lt;td colspan="3"&gt;&lt;a href="browser/screenshot/Carrerpage2.png.png" target="_blank"&gt;&lt;img src="browser/screenshot/Carrerpage2.png.png" width="800px"/&gt;&lt;/a&gt;</msg>
<status status="PASS" starttime="20240630 00:53:52.431" endtime="20240630 00:53:52.641"/>
</kw>
<kw name="Get Url" library="Browser">
<var>${current url}</var>
<tag>Assertion</tag>
<tag>Getter</tag>
<tag>PageContent</tag>
<doc>Returns the current URL.</doc>
<msg timestamp="20240630 00:53:52.650" level="INFO">${current url} = https://multitude.bamboohr.com/careers/1131</msg>
<status status="PASS" starttime="20240630 00:53:52.646" endtime="20240630 00:53:52.650"/>
</kw>
<kw name="Close Browser" library="Browser">
<tag>BrowserControl</tag>
<tag>Setter</tag>
<doc>Closes the current browser.</doc>
<msg timestamp="20240630 00:53:52.996" level="INFO">Closed browser</msg>
<status status="PASS" starttime="20240630 00:53:52.650" endtime="20240630 00:53:52.996"/>
</kw>
<kw name="Should Contain Any" library="BuiltIn">
<arg>${current url}</arg>
<arg>@{Job Role}</arg>
<doc>Fails if ``container`` does not contain any of the ``*items``.</doc>
<msg timestamp="20240630 00:53:53.006" level="FAIL">'https://multitude.bamboohr.com/careers/1131' does not contain any of 'Software Test Engineer'</msg>
<status status="FAIL" starttime="20240630 00:53:52.996" endtime="20240630 00:53:53.008"/>
</kw>
<status status="FAIL" starttime="20240630 00:53:35.838" endtime="20240630 00:53:53.012">'https://multitude.bamboohr.com/careers/1131' does not contain any of 'Software Test Engineer'</status>
</test>
<status status="FAIL" starttime="20240630 00:53:33.903" endtime="20240630 00:53:53.076"/>
</suite>
<statistics>
<total>
<stat pass="0" fail="1" skip="0">All Tests</stat>
</total>
<tag>
</tag>
<suite>
<stat pass="0" fail="1" skip="0" id="s1" name="Tasks">Tasks</stat>
</suite>
</statistics>
<errors>
</errors>
</robot>
