<?xml version="1.0" encoding="UTF-8"?>
<robot generator="Robot 6.1.1 (Python 3.10.12 on win32)" generated="20240630 11:55:45.980" rpa="false" schemaversion="4">
<suite id="s1" name="Tasks" source="c:\Automation_RAF\TestRobot\tasks.robot">
<test id="s1-t1" name="RoleSearch Test" line="15">
<kw name="New Browser" library="Browser">
<arg>browser=${browser}</arg>
<arg>headless=${False}</arg>
<arg>args=["--start-maximized"]</arg>
<tag>BrowserControl</tag>
<tag>Setter</tag>
<doc>Create a new playwright Browser with specified options.</doc>
<msg timestamp="20240630 11:55:47.277" level="INFO">{"browser": "chromium", "headless": false, "args": ["--start-maximized"], "chromiumSandbox": false, "devtools": false, "handleSIGHUP": true, "handleSIGINT": true, "handleSIGTERM": true, "slowMo": 0.0, "timeout": 30000.0, "tracesDir": "C:\\Automation_RAF\\browser\\traces\\7974bc6a-625e-4403-ac45-2e10d05c8fba"}</msg>
<msg timestamp="20240630 11:55:47.928" level="INFO">Successfully created browser with options: {"browser":"chromium","headless":false,"args":["--start-maximized"],"chromiumSandbox":false,"devtools":false,"handleSIGHUP":true,"handleSIGINT":true,"handleSIGTERM":true,"slowMo":0,"timeout":30000,"tracesDir":"C:\\Automation_RAF\\browser\\traces\\7974bc6a-625e-4403-ac45-2e10d05c8fba"}</msg>
<status status="PASS" starttime="20240630 11:55:47.261" endtime="20240630 11:55:47.931"/>
</kw>
<kw name="New Context" library="Browser">
<arg>viewport=${None}</arg>
<tag>BrowserControl</tag>
<tag>Setter</tag>
<doc>Create a new BrowserContext with specified options.</doc>
<msg timestamp="20240630 11:55:47.948" level="INFO">{
  "acceptDownloads": true,
  "bypassCSP": false,
  "forcedColors": "none",
  "hideRfBrowser": "",
  "ignoreHTTPSErrors": false,
  "javaScriptEnabled": true,
  "offline": false,
  "reducedMotion": "no-preference",
  "serviceWorkers": "allow",
  "viewport": null
}</msg>
<msg timestamp="20240630 11:55:47.966" level="INFO">Successfully created context. </msg>
<msg timestamp="20240630 11:55:47.966" level="INFO">{'acceptDownloads': True, 'bypassCSP': False, 'forcedColors': 'none', 'hideRfBrowser': '', 'ignoreHTTPSErrors': False, 'javaScriptEnabled': True, 'offline': False, 'reducedMotion': 'no-preference', 'serviceWorkers': 'allow', 'viewport': None}</msg>
<status status="PASS" starttime="20240630 11:55:47.944" endtime="20240630 11:55:47.966"/>
</kw>
<kw name="New Page" library="Browser">
<arg>url=${url}</arg>
<tag>BrowserControl</tag>
<tag>Setter</tag>
<doc>Open a new Page.</doc>
<msg timestamp="20240630 11:55:50.153" level="INFO">Successfully initialized new page object and opened url: https://www.multitude.com/careers</msg>
<status status="PASS" starttime="20240630 11:55:47.969" endtime="20240630 11:55:50.153"/>
</kw>
<kw name="Click" library="Browser">
<arg>xpath=//button[@id='cc-acceptAll-btn']</arg>
<tag>PageContent</tag>
<tag>Setter</tag>
<doc>Simulates mouse click on the element found by ``selector``.</doc>
<status status="PASS" starttime="20240630 11:55:50.156" endtime="20240630 11:55:50.236"/>
</kw>
<kw name="Click" library="Browser">
<arg>xpath=//a[@class='icon-primart-cta primary-cta']</arg>
<tag>PageContent</tag>
<tag>Setter</tag>
<doc>Simulates mouse click on the element found by ``selector``.</doc>
<status status="PASS" starttime="20240630 11:55:50.244" endtime="20240630 11:55:50.349"/>
</kw>
<kw name="Switch Page" library="Browser">
<arg>NEW</arg>
<tag>BrowserControl</tag>
<tag>Setter</tag>
<doc>Switches the active browser page to another open page by ``id`` or ``NEW``.</doc>
<msg timestamp="20240630 11:55:50.353" level="INFO">Switching to page NEW,context CURRENT, browser CURRENT</msg>
<msg timestamp="20240630 11:55:51.629" level="INFO">Activated new page page=20b4bf71-c24f-41f6-a3ed-7e961cf2fa7a</msg>
<status status="PASS" starttime="20240630 11:55:50.353" endtime="20240630 11:55:51.629"/>
</kw>
<kw name="Scroll To Element" library="Browser">
<arg>xpath=//div[37]//li[1]//div[1]//a[1]</arg>
<tag>PageContent</tag>
<tag>Setter</tag>
<doc>This method waits for actionability checks, then tries to scroll element into view,
unless it is completely visible.</doc>
<status status="PASS" starttime="20240630 11:55:51.634" endtime="20240630 11:55:54.445"/>
</kw>
<kw name="Click" library="Browser">
<arg>xpath=//div[37]//li[1]//div[1]//a[1]</arg>
<tag>PageContent</tag>
<tag>Setter</tag>
<doc>Simulates mouse click on the element found by ``selector``.</doc>
<status status="PASS" starttime="20240630 11:55:54.451" endtime="20240630 11:55:54.578"/>
</kw>
<kw name="Wait For Elements State" library="Browser">
<arg>xpath=//div[contains(@class,'fab-Card fab-Card--sizeFull fab-Card--withoutBottomGradient')]//span[@class='jss-f156'][normalize-space()='Apply for This Job']</arg>
<arg>visible</arg>
<tag>PageContent</tag>
<tag>Wait</tag>
<doc>Waits for the element found by ``selector`` to satisfy state option.</doc>
<msg timestamp="20240630 11:55:55.493" level="INFO">Waited for Element with selector xpath=//div[contains(@class,'fab-Card fab-Card--sizeFull fab-Card--withoutBottomGradient')]//span[@class='jss-f156'][normalize-space()='Apply for This Job'] at state visible</msg>
<status status="PASS" starttime="20240630 11:55:54.595" endtime="20240630 11:55:55.493"/>
</kw>
<kw name="Take Screenshot" library="Browser">
<arg>Carrerpage.png</arg>
<tag>PageContent</tag>
<doc>Takes a screenshot of the current window or element and saves it to disk.</doc>
<msg timestamp="20240630 11:55:55.712" level="INFO" html="true">&lt;/td&gt;&lt;/tr&gt;&lt;tr&gt;&lt;td colspan="3"&gt;&lt;a href="browser/screenshot/Carrerpage.png.png" target="_blank"&gt;&lt;img src="browser/screenshot/Carrerpage.png.png" width="800px"/&gt;&lt;/a&gt;</msg>
<status status="PASS" starttime="20240630 11:55:55.506" endtime="20240630 11:55:55.712"/>
</kw>
<kw name="Scroll By" library="Browser">
<arg>${None}</arg>
<arg>600</arg>
<arg>0</arg>
<arg>auto</arg>
<tag>PageContent</tag>
<tag>Setter</tag>
<doc>Scrolls an element or the page relative from current position by the given values.</doc>
<msg timestamp="20240630 11:55:55.730" level="INFO">JavaScript executed successfully.</msg>
<msg timestamp="20240630 11:55:55.730" level="INFO">JavaScript executed successfully.</msg>
<msg timestamp="20240630 11:55:55.758" level="INFO">JavaScript executed successfully.</msg>
<msg timestamp="20240630 11:55:55.758" level="INFO">JavaScript executed successfully.</msg>
<msg timestamp="20240630 11:55:55.766" level="INFO">JavaScript executed successfully.</msg>
<status status="PASS" starttime="20240630 11:55:55.721" endtime="20240630 11:55:55.766"/>
</kw>
<kw name="Take Screenshot" library="Browser">
<arg>Carrerpage1.png</arg>
<tag>PageContent</tag>
<doc>Takes a screenshot of the current window or element and saves it to disk.</doc>
<msg timestamp="20240630 11:55:55.965" level="INFO" html="true">&lt;/td&gt;&lt;/tr&gt;&lt;tr&gt;&lt;td colspan="3"&gt;&lt;a href="browser/screenshot/Carrerpage1.png.png" target="_blank"&gt;&lt;img src="browser/screenshot/Carrerpage1.png.png" width="800px"/&gt;&lt;/a&gt;</msg>
<status status="PASS" starttime="20240630 11:55:55.777" endtime="20240630 11:55:55.965"/>
</kw>
<kw name="Scroll To" library="Browser">
<arg>${None}</arg>
<arg>bottom</arg>
<arg>left</arg>
<arg>auto</arg>
<tag>PageContent</tag>
<tag>Setter</tag>
<doc>Scrolls an element or the page to an absolute position based on given coordinates.</doc>
<msg timestamp="20240630 11:55:55.995" level="INFO">JavaScript executed successfully.</msg>
<msg timestamp="20240630 11:55:55.995" level="INFO">JavaScript executed successfully.</msg>
<msg timestamp="20240630 11:55:56.011" level="INFO">JavaScript executed successfully.</msg>
<msg timestamp="20240630 11:55:56.011" level="INFO">JavaScript executed successfully.</msg>
<msg timestamp="20240630 11:55:56.022" level="INFO">JavaScript executed successfully.</msg>
<status status="PASS" starttime="20240630 11:55:55.973" endtime="20240630 11:55:56.022"/>
</kw>
<kw name="Take Screenshot" library="Browser">
<arg>Carrerpage2.png</arg>
<tag>PageContent</tag>
<doc>Takes a screenshot of the current window or element and saves it to disk.</doc>
<msg timestamp="20240630 11:55:56.239" level="INFO" html="true">&lt;/td&gt;&lt;/tr&gt;&lt;tr&gt;&lt;td colspan="3"&gt;&lt;a href="browser/screenshot/Carrerpage2.png.png" target="_blank"&gt;&lt;img src="browser/screenshot/Carrerpage2.png.png" width="800px"/&gt;&lt;/a&gt;</msg>
<status status="PASS" starttime="20240630 11:55:56.031" endtime="20240630 11:55:56.239"/>
</kw>
<kw name="Get Url" library="Browser">
<var>${current url}</var>
<tag>Assertion</tag>
<tag>Getter</tag>
<tag>PageContent</tag>
<doc>Returns the current URL.</doc>
<msg timestamp="20240630 11:55:56.244" level="INFO">${current url} = https://multitude.bamboohr.com/careers/1131</msg>
<status status="PASS" starttime="20240630 11:55:56.239" endtime="20240630 11:55:56.244"/>
</kw>
<kw name="Close Browser" library="Browser">
<tag>BrowserControl</tag>
<tag>Setter</tag>
<doc>Closes the current browser.</doc>
<msg timestamp="20240630 11:55:56.603" level="INFO">Closed browser</msg>
<status status="PASS" starttime="20240630 11:55:56.255" endtime="20240630 11:55:56.603"/>
</kw>
<kw name="Should Contain Any" library="BuiltIn">
<arg>${current url}</arg>
<arg>@{Job Role}</arg>
<doc>Fails if ``container`` does not contain any of the ``*items``.</doc>
<msg timestamp="20240630 11:55:56.603" level="FAIL">'https://multitude.bamboohr.com/careers/1131' does not contain any of 'Software Test Engineer'</msg>
<status status="FAIL" starttime="20240630 11:55:56.603" endtime="20240630 11:55:56.608"/>
</kw>
<status status="FAIL" starttime="20240630 11:55:47.261" endtime="20240630 11:55:56.608">'https://multitude.bamboohr.com/careers/1131' does not contain any of 'Software Test Engineer'</status>
</test>
<status status="FAIL" starttime="20240630 11:55:45.996" endtime="20240630 11:55:56.697"/>
</suite>
<statistics>
<total>
<stat pass="0" fail="1" skip="0">All Tests</stat>
</total>
<tag>
</tag>
<suite>
<stat pass="0" fail="1" skip="0" id="s1" name="Tasks">Tasks</stat>
</suite>
</statistics>
<errors>
</errors>
</robot>
